<?xml version="1.0" encoding="UTF-8"?>
<testng-results skipped="0" failed="0" total="2" passed="2">
  <reporter-output>
  </reporter-output>
  <suite name="Default suite" duration-ms="14899" started-at="2019-01-05T21:09:47Z" finished-at="2019-01-05T21:10:02Z">
    <groups>
    </groups>
    <test name="Default test" duration-ms="14899" started-at="2019-01-05T21:09:47Z" finished-at="2019-01-05T21:10:02Z">
      <class name="testcases.VerifyLoginpagewithCredentials">
        <test-method status="PASS" signature="setUpReport()[pri:0, instance:testcases.VerifyLoginpagewithCredentials@d8355a8]" name="setUpReport" is-config="true" duration-ms="203" started-at="2019-01-05T13:09:46Z" finished-at="2019-01-05T13:09:47Z">
          <reporter-output>
          </reporter-output>
        </test-method> <!-- setUpReport -->
        <test-method status="PASS" signature="setupApplication()[pri:0, instance:testcases.VerifyLoginpagewithCredentials@d8355a8]" name="setupApplication" is-config="true" duration-ms="6785" started-at="2019-01-05T13:09:47Z" finished-at="2019-01-05T13:09:53Z">
          <reporter-output>
          </reporter-output>
        </test-method> <!-- setupApplication -->
        <test-method status="PASS" signature="validLogin()[pri:0, instance:testcases.VerifyLoginpagewithCredentials@d8355a8]" name="validLogin" duration-ms="5605" started-at="2019-01-05T13:09:53Z" finished-at="2019-01-05T13:09:59Z">
          <reporter-output>
          </reporter-output>
        </test-method> <!-- validLogin -->
        <test-method status="PASS" signature="endTest(org.testng.ITestResult)[pri:0, instance:testcases.VerifyLoginpagewithCredentials@d8355a8]" name="endTest" is-config="true" duration-ms="304" started-at="2019-01-05T13:09:59Z" finished-at="2019-01-05T13:09:59Z">
          <params>
            <param index="0">
              <value>
                <![CDATA[[TestResult name=validLogin status=SUCCESS method=VerifyLoginpagewithCredentials.validLogin()[pri:0, instance:testcases.VerifyLoginpagewithCredentials@d8355a8] output={null}]]]>
              </value>
            </param>
          </params>
          <reporter-output>
          </reporter-output>
        </test-method> <!-- endTest -->
        <test-method status="PASS" signature="logOut()[pri:0, instance:testcases.VerifyLoginpagewithCredentials@d8355a8]" name="logOut" duration-ms="1067" started-at="2019-01-05T13:09:59Z" depends-on-methods="testcases.VerifyLoginpagewithCredentials.validLogin" finished-at="2019-01-05T13:10:00Z">
          <reporter-output>
          </reporter-output>
        </test-method> <!-- logOut -->
        <test-method status="PASS" signature="endTest(org.testng.ITestResult)[pri:0, instance:testcases.VerifyLoginpagewithCredentials@d8355a8]" name="endTest" is-config="true" duration-ms="374" started-at="2019-01-05T13:10:00Z" finished-at="2019-01-05T13:10:01Z">
          <params>
            <param index="0">
              <value>
                <![CDATA[[TestResult name=logOut status=SUCCESS method=VerifyLoginpagewithCredentials.logOut()[pri:0, instance:testcases.VerifyLoginpagewithCredentials@d8355a8] output={null}]]]>
              </value>
            </param>
          </params>
          <reporter-output>
          </reporter-output>
        </test-method> <!-- endTest -->
        <test-method status="PASS" signature="tearDownApplication()[pri:0, instance:testcases.VerifyLoginpagewithCredentials@d8355a8]" name="tearDownApplication" is-config="true" duration-ms="737" started-at="2019-01-05T13:10:01Z" finished-at="2019-01-05T13:10:02Z">
          <reporter-output>
          </reporter-output>
        </test-method> <!-- tearDownApplication -->
        <test-method status="PASS" signature="tearDownReport()[pri:0, instance:testcases.VerifyLoginpagewithCredentials@d8355a8]" name="tearDownReport" is-config="true" duration-ms="297" started-at="2019-01-05T13:10:02Z" finished-at="2019-01-05T13:10:02Z">
          <reporter-output>
          </reporter-output>
        </test-method> <!-- tearDownReport -->
      </class> <!-- testcases.VerifyLoginpagewithCredentials -->
    </test> <!-- Default test -->
  </suite> <!-- Default suite -->
</testng-results>
